#
# There is insufficient memory for the Java Runtime Environment to continue.
# Native memory allocation (malloc) failed to allocate 391616 bytes. Error detail: Chunk::new
# Possible reasons:
#   The system is out of physical RAM or swap space
#   This process is running with CompressedOops enabled, and the Java Heap may be blocking the growth of the native heap
# Possible solutions:
#   Reduce memory load on the system
#   Increase physical memory or swap space
#   Check if swap backing store is full
#   Decrease Java heap size (-Xmx/-Xms)
#   Decrease number of Java threads
#   Decrease Java thread stack sizes (-Xss)
#   Set larger code cache with -XX:ReservedCodeCacheSize=
#   JVM is running with Zero Based Compressed Oops mode in which the Java heap is
#     placed in the first 32GB address space. The Java Heap base address is the
#     maximum limit for the native heap growth. Please use -XX:HeapBaseMinAddress
#     to set the Java Heap base and to place the Java Heap above 32GB virtual address.
# This output file may be truncated or incomplete.
#
#  Out of Memory Error (arena.cpp:150), pid=14216, tid=9788
#
# JRE version: Java(TM) SE Runtime Environment (22.0.2+9) (build 22.0.2+9-70)
# Java VM: Java HotSpot(TM) 64-Bit Server VM (22.0.2+9-70, mixed mode, sharing, tiered, compressed oops, compressed class ptrs, g1 gc, windows-amd64)
# No core dump will be written. Minidumps are not enabled by default on client versions of Windows
#

---------------  S U M M A R Y ------------

Command Line: -XX:+ShowCodeDetailsInExceptionMessages com.backend.bookwed.BookwedApplication

Host: 11th Gen Intel(R) Core(TM) i5-1145G7 @ 2.60GHz, 8 cores, 15G,  Windows 11 , 64 bit Build 26100 (10.0.26100.3037)
Time: Sat Feb 15 11:11:41 2025 SE Asia Standard Time elapsed time: 4201.051930 seconds (0d 1h 10m 1s)

---------------  T H R E A D  ---------------

Current thread (0x0000020a2a75e8a0):  JavaThread "C2 CompilerThread0" daemon [_thread_in_native, id=9788, stack(0x000000a708600000,0x000000a708700000) (1024K)]


Current CompileTask:
C2:4201052 13324   !   4       java.util.concurrent.ThreadPoolExecutor::getTask (177 bytes)

Stack: [0x000000a708600000,0x000000a708700000]
Native frames: (J=compiled Java code, j=interpreted, Vv=VM code, C=native code)
V  [jvm.dll+0x6e26e9]  (no source info available)
V  [jvm.dll+0x875753]  (no source info available)
V  [jvm.dll+0x877b7e]  (no source info available)
V  [jvm.dll+0x878253]  (no source info available)
V  [jvm.dll+0x27fc86]  (no source info available)
V  [jvm.dll+0xc3d0f]  (no source info available)
V  [jvm.dll+0xc3f6b]  (no source info available)
V  [jvm.dll+0x3bb47c]  (no source info available)
V  [jvm.dll+0x387d4b]  (no source info available)
V  [jvm.dll+0x3871ba]  (no source info available)
V  [jvm.dll+0x2477f8]  (no source info available)
V  [jvm.dll+0x246e9f]  (no source info available)
V  [jvm.dll+0x1c4e80]  (no source info available)
V  [jvm.dll+0x2568f3]  (no source info available)
V  [jvm.dll+0x254baa]  (no source info available)
V  [jvm.dll+0x3f57a6]  (no source info available)
V  [jvm.dll+0x81dc0b]  (no source info available)
V  [jvm.dll+0x6e0d85]  (no source info available)
C  [ucrtbase.dll+0x37b0]  (no source info available)
C  [KERNEL32.DLL+0x2e8d7]  (no source info available)
C  [ntdll.dll+0xbbf2c]  (no source info available)


---------------  P R O C E S S  ---------------

Threads class SMR info:
_java_thread_list=0x0000020a720728d0, length=31, elements={
0x0000020a2a719a20, 0x0000020a2a71a480, 0x0000020a2a720920, 0x0000020a2a721f10,
0x0000020a2a722a60, 0x0000020a2a72fb10, 0x0000020a2a75e8a0, 0x0000020a2a7630a0,
0x0000020a2a8b9600, 0x0000020a2a8c2390, 0x0000020a70e863b0, 0x0000020a72c04420,
0x0000020a71414ee0, 0x0000020a74e03310, 0x0000020a74e02c80, 0x0000020a74e039a0,
0x0000020a74e01f60, 0x0000020a74e04030, 0x0000020a74e053e0, 0x0000020a74e025f0,
0x0000020a74e074b0, 0x0000020a74e06100, 0x0000020a74e06e20, 0x0000020a74e07b40,
0x0000020a74e05a70, 0x0000020a74e046c0, 0x0000020a74e081d0, 0x0000020a74e06790,
0x0000020a74e04d50, 0x0000020a74e08860, 0x0000020a74e08ef0
}

Java Threads: ( => current thread )
  0x0000020a2a719a20 JavaThread "Reference Handler"          daemon [_thread_blocked, id=3164, stack(0x000000a708000000,0x000000a708100000) (1024K)]
  0x0000020a2a71a480 JavaThread "Finalizer"                  daemon [_thread_blocked, id=11204, stack(0x000000a708100000,0x000000a708200000) (1024K)]
  0x0000020a2a720920 JavaThread "Signal Dispatcher"          daemon [_thread_blocked, id=9504, stack(0x000000a708200000,0x000000a708300000) (1024K)]
  0x0000020a2a721f10 JavaThread "Attach Listener"            daemon [_thread_blocked, id=14592, stack(0x000000a708300000,0x000000a708400000) (1024K)]
  0x0000020a2a722a60 JavaThread "Service Thread"             daemon [_thread_blocked, id=18260, stack(0x000000a708400000,0x000000a708500000) (1024K)]
  0x0000020a2a72fb10 JavaThread "Monitor Deflation Thread"   daemon [_thread_blocked, id=15672, stack(0x000000a708500000,0x000000a708600000) (1024K)]
=>0x0000020a2a75e8a0 JavaThread "C2 CompilerThread0"         daemon [_thread_in_native, id=9788, stack(0x000000a708600000,0x000000a708700000) (1024K)]
  0x0000020a2a7630a0 JavaThread "C1 CompilerThread0"         daemon [_thread_blocked, id=13360, stack(0x000000a708700000,0x000000a708800000) (1024K)]
  0x0000020a2a8b9600 JavaThread "Notification Thread"        daemon [_thread_blocked, id=9944, stack(0x000000a708800000,0x000000a708900000) (1024K)]
  0x0000020a2a8c2390 JavaThread "Common-Cleaner"             daemon [_thread_blocked, id=15856, stack(0x000000a708900000,0x000000a708a00000) (1024K)]
  0x0000020a70e863b0 JavaThread "WindowsStreamPump"          daemon [_thread_in_native, id=3308, stack(0x000000a709400000,0x000000a709500000) (1024K)]
  0x0000020a72c04420 JavaThread "mysql-cj-abandoned-connection-cleanup" daemon [_thread_blocked, id=10932, stack(0x000000a709300000,0x000000a709400000) (1024K)]
  0x0000020a71414ee0 JavaThread "HikariPool-1 housekeeper"   daemon [_thread_blocked, id=16692, stack(0x000000a709900000,0x000000a709a00000) (1024K)]
  0x0000020a74e03310 JavaThread "Catalina-utility-1"                [_thread_blocked, id=14564, stack(0x000000a709b00000,0x000000a709c00000) (1024K)]
  0x0000020a74e02c80 JavaThread "Catalina-utility-2"                [_thread_blocked, id=2140, stack(0x000000a709c00000,0x000000a709d00000) (1024K)]
  0x0000020a74e039a0 JavaThread "container-0"                       [_thread_blocked, id=1120, stack(0x000000a709d00000,0x000000a709e00000) (1024K)]
  0x0000020a74e01f60 JavaThread "File Watcher"               daemon [_thread_blocked, id=16284, stack(0x000000a709200000,0x000000a709300000) (1024K)]
  0x0000020a74e04030 JavaThread "Live Reload Server"         daemon [_thread_in_native, id=17712, stack(0x000000a709f00000,0x000000a70a000000) (1024K)]
  0x0000020a74e053e0 JavaThread "http-nio-8080-exec-1"       daemon [_thread_blocked, id=14508, stack(0x000000a709e00000,0x000000a709f00000) (1024K)]
  0x0000020a74e025f0 JavaThread "http-nio-8080-exec-2"       daemon [_thread_blocked, id=8948, stack(0x000000a70a000000,0x000000a70a100000) (1024K)]
  0x0000020a74e074b0 JavaThread "http-nio-8080-exec-3"       daemon [_thread_blocked, id=3648, stack(0x000000a70a100000,0x000000a70a200000) (1024K)]
  0x0000020a74e06100 JavaThread "http-nio-8080-exec-4"       daemon [_thread_blocked, id=10304, stack(0x000000a70a200000,0x000000a70a300000) (1024K)]
  0x0000020a74e06e20 JavaThread "http-nio-8080-exec-5"       daemon [_thread_blocked, id=17912, stack(0x000000a70a300000,0x000000a70a400000) (1024K)]
  0x0000020a74e07b40 JavaThread "http-nio-8080-exec-6"       daemon [_thread_blocked, id=16064, stack(0x000000a70a400000,0x000000a70a500000) (1024K)]
  0x0000020a74e05a70 JavaThread "http-nio-8080-exec-7"       daemon [_thread_blocked, id=10140, stack(0x000000a70a500000,0x000000a70a600000) (1024K)]
  0x0000020a74e046c0 JavaThread "http-nio-8080-exec-8"       daemon [_thread_blocked, id=4480, stack(0x000000a70a600000,0x000000a70a700000) (1024K)]
  0x0000020a74e081d0 JavaThread "http-nio-8080-exec-9"       daemon [_thread_blocked, id=6052, stack(0x000000a70a700000,0x000000a70a800000) (1024K)]
  0x0000020a74e06790 JavaThread "http-nio-8080-exec-10"      daemon [_thread_blocked, id=17744, stack(0x000000a70a800000,0x000000a70a900000) (1024K)]
  0x0000020a74e04d50 JavaThread "http-nio-8080-Poller"       daemon [_thread_in_native, id=16084, stack(0x000000a70a900000,0x000000a70aa00000) (1024K)]
  0x0000020a74e08860 JavaThread "http-nio-8080-Acceptor"     daemon [_thread_in_native, id=7808, stack(0x000000a70aa00000,0x000000a70ab00000) (1024K)]
  0x0000020a74e08ef0 JavaThread "DestroyJavaVM"                     [_thread_blocked, id=13508, stack(0x000000a707800000,0x000000a707900000) (1024K)]
Total: 31

Other Threads:
  0x0000020a2a700480 VMThread "VM Thread"                           [id=14580, stack(0x000000a707f00000,0x000000a708000000) (1024K)]
  0x0000020a2a5c3ba0 WatcherThread "VM Periodic Task Thread"        [id=9928, stack(0x000000a707e00000,0x000000a707f00000) (1024K)]
  0x0000020a0b93ee10 WorkerThread "GC Thread#0"                     [id=13472, stack(0x000000a707900000,0x000000a707a00000) (1024K)]
  0x0000020a2a700830 WorkerThread "GC Thread#1"                     [id=6204, stack(0x000000a708c00000,0x000000a708d00000) (1024K)]
  0x0000020a2a701aa0 WorkerThread "GC Thread#2"                     [id=2804, stack(0x000000a708d00000,0x000000a708e00000) (1024K)]
  0x0000020a2a700be0 WorkerThread "GC Thread#3"                     [id=16552, stack(0x000000a708e00000,0x000000a708f00000) (1024K)]
  0x0000020a2a7000d0 WorkerThread "GC Thread#4"                     [id=15720, stack(0x000000a708f00000,0x000000a709000000) (1024K)]
  0x0000020a2a700f90 WorkerThread "GC Thread#5"                     [id=2636, stack(0x000000a709000000,0x000000a709100000) (1024K)]
  0x0000020a70c6fc30 WorkerThread "GC Thread#6"                     [id=14188, stack(0x000000a709500000,0x000000a709600000) (1024K)]
  0x0000020a70c6f880 WorkerThread "GC Thread#7"                     [id=13008, stack(0x000000a709600000,0x000000a709700000) (1024K)]
  0x0000020a0b950270 ConcurrentGCThread "G1 Main Marker"            [id=5996, stack(0x000000a707a00000,0x000000a707b00000) (1024K)]
  0x0000020a0b952340 WorkerThread "G1 Conc#0"                       [id=10764, stack(0x000000a707b00000,0x000000a707c00000) (1024K)]
  0x0000020a70c6ffe0 WorkerThread "G1 Conc#1"                       [id=9272, stack(0x000000a709700000,0x000000a709800000) (1024K)]
  0x0000020a2a489f50 ConcurrentGCThread "G1 Refine#0"               [id=11136, stack(0x000000a707c00000,0x000000a707d00000) (1024K)]
  0x0000020a2a48a9d0 ConcurrentGCThread "G1 Service"                [id=14380, stack(0x000000a707d00000,0x000000a707e00000) (1024K)]
Total: 15

Threads with active compile tasks:
C2 CompilerThread0  4202080 13324   !   4       java.util.concurrent.ThreadPoolExecutor::getTask (177 bytes)
Total: 1

VM state: not at safepoint (normal execution)

VM Mutex/Monitor currently owned by a thread: None

Heap address: 0x0000000709a00000, size: 3942 MB, Compressed Oops mode: Zero based, Oop shift amount: 3

CDS archive(s) mapped at: [0x0000020a2b000000-0x0000020a2bc60000-0x0000020a2bc60000), size 12976128, SharedBaseAddress: 0x0000020a2b000000, ArchiveRelocationMode: 1.
Compressed class space mapped at: 0x0000020a2c000000-0x0000020a6c000000, reserved size: 1073741824
Narrow klass base: 0x0000020a2b000000, Narrow klass shift: 0, Narrow klass range: 0x41000000

GC Precious Log:
 CardTable entry size: 512
 Card Set container configuration: InlinePtr #cards 4 size 8 Array Of Cards #cards 16 size 48 Howl #buckets 8 coarsen threshold 3686 Howl Bitmap #cards 512 size 80 coarsen threshold 460 Card regions per heap region 1 cards per card region 4096
 CPUs: 8 total, 8 available
 Memory: 15761M
 Large Page Support: Disabled
 NUMA Support: Disabled
 Compressed Oops: Enabled (Zero based)
 Heap Region Size: 2M
 Heap Min Capacity: 8M
 Heap Initial Capacity: 248M
 Heap Max Capacity: 3942M
 Pre-touch: Disabled
 Parallel Workers: 8
 Concurrent Workers: 2
 Concurrent Refinement Workers: 8
 Periodic GC: Disabled

Heap:
 garbage-first heap   total reserved 4036608K, committed 217088K, used 69196K [0x0000000709a00000, 0x0000000800000000)
  region size 2048K, 9 young (18432K), 2 survivors (4096K)
 Metaspace       used 91160K, committed 92096K, reserved 1179648K
  class space    used 12321K, committed 12736K, reserved 1048576K

Heap Regions: E=young(eden), S=young(survivor), O=old, HS=humongous(starts), HC=humongous(continues), CS=collection set, F=free, TAMS=top-at-mark-start, PB=parsable bottom
|   0|0x0000000709a00000, 0x0000000709c00000, 0x0000000709c00000|100%| O|  |TAMS 0x0000000709a00000| PB 0x0000000709a00000| Untracked |  0
|   1|0x0000000709c00000, 0x0000000709e00000, 0x0000000709e00000|100%| O|  |TAMS 0x0000000709c00000| PB 0x0000000709c00000| Untracked |  0
|   2|0x0000000709e00000, 0x000000070a000000, 0x000000070a000000|100%| O|  |TAMS 0x0000000709e00000| PB 0x0000000709e00000| Untracked |  0
|   3|0x000000070a000000, 0x000000070a200000, 0x000000070a200000|100%| O|  |TAMS 0x000000070a000000| PB 0x000000070a000000| Untracked |  0
|   4|0x000000070a200000, 0x000000070a400000, 0x000000070a400000|100%| O|  |TAMS 0x000000070a200000| PB 0x000000070a200000| Untracked |  0
|   5|0x000000070a400000, 0x000000070a600000, 0x000000070a600000|100%| O|  |TAMS 0x000000070a400000| PB 0x000000070a400000| Untracked |  0
|   6|0x000000070a600000, 0x000000070a800000, 0x000000070a800000|100%| O|  |TAMS 0x000000070a600000| PB 0x000000070a600000| Untracked |  0
|   7|0x000000070a800000, 0x000000070aa00000, 0x000000070aa00000|100%| O|  |TAMS 0x000000070a800000| PB 0x000000070a800000| Untracked |  0
|   8|0x000000070aa00000, 0x000000070aa00000, 0x000000070ac00000|  0%| F|  |TAMS 0x000000070aa00000| PB 0x000000070aa00000| Untracked |  0
|   9|0x000000070ac00000, 0x000000070ae00000, 0x000000070ae00000|100%| O|  |TAMS 0x000000070ac00000| PB 0x000000070ac00000| Untracked |  0
|  10|0x000000070ae00000, 0x000000070b000000, 0x000000070b000000|100%| O|  |TAMS 0x000000070ae00000| PB 0x000000070ae00000| Untracked |  0
|  11|0x000000070b000000, 0x000000070b200000, 0x000000070b200000|100%| O|  |TAMS 0x000000070b000000| PB 0x000000070b000000| Untracked |  0
|  12|0x000000070b200000, 0x000000070b400000, 0x000000070b400000|100%| O|  |TAMS 0x000000070b200000| PB 0x000000070b200000| Untracked |  0
|  13|0x000000070b400000, 0x000000070b600000, 0x000000070b600000|100%| O|  |TAMS 0x000000070b400000| PB 0x000000070b400000| Untracked |  0
|  14|0x000000070b600000, 0x000000070b800000, 0x000000070b800000|100%| O|  |TAMS 0x000000070b600000| PB 0x000000070b600000| Untracked |  0
|  15|0x000000070b800000, 0x000000070b800000, 0x000000070ba00000|  0%| F|  |TAMS 0x000000070b800000| PB 0x000000070b800000| Untracked |  0
|  16|0x000000070ba00000, 0x000000070bc00000, 0x000000070bc00000|100%| O|  |TAMS 0x000000070ba00000| PB 0x000000070ba00000| Untracked |  0
|  17|0x000000070bc00000, 0x000000070be00000, 0x000000070be00000|100%| O|  |TAMS 0x000000070bc00000| PB 0x000000070bc00000| Untracked |  0
|  18|0x000000070be00000, 0x000000070c000000, 0x000000070c000000|100%| O|  |TAMS 0x000000070be00000| PB 0x000000070be00000| Untracked |  0
|  19|0x000000070c000000, 0x000000070c000000, 0x000000070c200000|  0%| F|  |TAMS 0x000000070c000000| PB 0x000000070c000000| Untracked |  0
|  20|0x000000070c200000, 0x000000070c200000, 0x000000070c400000|  0%| F|  |TAMS 0x000000070c200000| PB 0x000000070c200000| Untracked |  0
|  21|0x000000070c400000, 0x000000070c600000, 0x000000070c600000|100%| O|  |TAMS 0x000000070c400000| PB 0x000000070c400000| Untracked |  0
|  22|0x000000070c600000, 0x000000070c800000, 0x000000070c800000|100%| O|  |TAMS 0x000000070c600000| PB 0x000000070c600000| Untracked |  0
|  23|0x000000070c800000, 0x000000070ca00000, 0x000000070ca00000|100%| O|  |TAMS 0x000000070c800000| PB 0x000000070c800000| Untracked |  0
|  24|0x000000070ca00000, 0x000000070cc00000, 0x000000070cc00000|100%| O|  |TAMS 0x000000070ca00000| PB 0x000000070ca00000| Untracked |  0
|  25|0x000000070cc00000, 0x000000070cc00000, 0x000000070ce00000|  0%| F|  |TAMS 0x000000070cc00000| PB 0x000000070cc00000| Untracked |  0
|  26|0x000000070ce00000, 0x000000070ce00000, 0x000000070d000000|  0%| F|  |TAMS 0x000000070ce00000| PB 0x000000070ce00000| Untracked |  0
|  27|0x000000070d000000, 0x000000070d000000, 0x000000070d200000|  0%| F|  |TAMS 0x000000070d000000| PB 0x000000070d000000| Untracked |  0
|  28|0x000000070d200000, 0x000000070d200000, 0x000000070d400000|  0%| F|  |TAMS 0x000000070d200000| PB 0x000000070d200000| Untracked |  0
|  29|0x000000070d400000, 0x000000070d400000, 0x000000070d600000|  0%| F|  |TAMS 0x000000070d400000| PB 0x000000070d400000| Untracked |  0
|  30|0x000000070d600000, 0x000000070d600000, 0x000000070d800000|  0%| F|  |TAMS 0x000000070d600000| PB 0x000000070d600000| Untracked |  0
|  31|0x000000070d800000, 0x000000070d800000, 0x000000070da00000|  0%| F|  |TAMS 0x000000070d800000| PB 0x000000070d800000| Untracked |  0
|  32|0x000000070da00000, 0x000000070da00000, 0x000000070dc00000|  0%| F|  |TAMS 0x000000070da00000| PB 0x000000070da00000| Untracked |  0
|  33|0x000000070dc00000, 0x000000070de00000, 0x000000070de00000|100%| O|Cm|TAMS 0x000000070dc00000| PB 0x000000070dc00000| Complete |  0
|  34|0x000000070de00000, 0x000000070de00000, 0x000000070e000000|  0%| F|  |TAMS 0x000000070de00000| PB 0x000000070de00000| Untracked |  0
|  35|0x000000070e000000, 0x000000070e200000, 0x000000070e200000|100%| O|Cm|TAMS 0x000000070e000000| PB 0x000000070e000000| Complete |  0
|  36|0x000000070e200000, 0x000000070e200000, 0x000000070e400000|  0%| F|  |TAMS 0x000000070e200000| PB 0x000000070e200000| Untracked |  0
|  37|0x000000070e400000, 0x000000070e600000, 0x000000070e600000|100%| O|  |TAMS 0x000000070e400000| PB 0x000000070e400000| Untracked |  0
|  38|0x000000070e600000, 0x000000070e800000, 0x000000070e800000|100%| O|  |TAMS 0x000000070e600000| PB 0x000000070e600000| Untracked |  0
|  39|0x000000070e800000, 0x000000070e800000, 0x000000070ea00000|  0%| F|  |TAMS 0x000000070e800000| PB 0x000000070e800000| Untracked |  0
|  40|0x000000070ea00000, 0x000000070eb7f7d0, 0x000000070ec00000| 74%| O|  |TAMS 0x000000070ea00000| PB 0x000000070ea00000| Untracked |  0
|  41|0x000000070ec00000, 0x000000070ec00000, 0x000000070ee00000|  0%| F|  |TAMS 0x000000070ec00000| PB 0x000000070ec00000| Untracked |  0
|  42|0x000000070ee00000, 0x000000070ee00000, 0x000000070f000000|  0%| F|  |TAMS 0x000000070ee00000| PB 0x000000070ee00000| Untracked |  0
|  43|0x000000070f000000, 0x000000070f000000, 0x000000070f200000|  0%| F|  |TAMS 0x000000070f000000| PB 0x000000070f000000| Untracked |  0
|  44|0x000000070f200000, 0x000000070f200000, 0x000000070f400000|  0%| F|  |TAMS 0x000000070f200000| PB 0x000000070f200000| Untracked |  0
|  45|0x000000070f400000, 0x000000070f400000, 0x000000070f600000|  0%| F|  |TAMS 0x000000070f400000| PB 0x000000070f400000| Untracked |  0
|  46|0x000000070f600000, 0x000000070f600000, 0x000000070f800000|  0%| F|  |TAMS 0x000000070f600000| PB 0x000000070f600000| Untracked |  0
|  47|0x000000070f800000, 0x000000070f800000, 0x000000070fa00000|  0%| F|  |TAMS 0x000000070f800000| PB 0x000000070f800000| Untracked |  0
|  48|0x000000070fa00000, 0x000000070fa00000, 0x000000070fc00000|  0%| F|  |TAMS 0x000000070fa00000| PB 0x000000070fa00000| Untracked |  0
|  49|0x000000070fc00000, 0x000000070fc00000, 0x000000070fe00000|  0%| F|  |TAMS 0x000000070fc00000| PB 0x000000070fc00000| Untracked |  0
|  50|0x000000070fe00000, 0x000000070fe00000, 0x0000000710000000|  0%| F|  |TAMS 0x000000070fe00000| PB 0x000000070fe00000| Untracked |  0
|  51|0x0000000710000000, 0x0000000710013aa0, 0x0000000710200000|  3%| S|CS|TAMS 0x0000000710000000| PB 0x0000000710000000| Complete |  0
|  52|0x0000000710200000, 0x0000000710400000, 0x0000000710400000|100%| S|CS|TAMS 0x0000000710200000| PB 0x0000000710200000| Complete |  0
|  53|0x0000000710400000, 0x0000000710400000, 0x0000000710600000|  0%| F|  |TAMS 0x0000000710400000| PB 0x0000000710400000| Untracked |  0
|  54|0x0000000710600000, 0x0000000710600000, 0x0000000710800000|  0%| F|  |TAMS 0x0000000710600000| PB 0x0000000710600000| Untracked |  0
|  55|0x0000000710800000, 0x0000000710800000, 0x0000000710a00000|  0%| F|  |TAMS 0x0000000710800000| PB 0x0000000710800000| Untracked |  0
|  56|0x0000000710a00000, 0x0000000710a00000, 0x0000000710c00000|  0%| F|  |TAMS 0x0000000710a00000| PB 0x0000000710a00000| Untracked |  0
|  57|0x0000000710c00000, 0x0000000710c00000, 0x0000000710e00000|  0%| F|  |TAMS 0x0000000710c00000| PB 0x0000000710c00000| Untracked |  0
|  58|0x0000000710e00000, 0x0000000710e00000, 0x0000000711000000|  0%| F|  |TAMS 0x0000000710e00000| PB 0x0000000710e00000| Untracked |  0
|  59|0x0000000711000000, 0x0000000711000000, 0x0000000711200000|  0%| F|  |TAMS 0x0000000711000000| PB 0x0000000711000000| Untracked |  0
|  60|0x0000000711200000, 0x0000000711200000, 0x0000000711400000|  0%| F|  |TAMS 0x0000000711200000| PB 0x0000000711200000| Untracked |  0
|  61|0x0000000711400000, 0x0000000711400000, 0x0000000711600000|  0%| F|  |TAMS 0x0000000711400000| PB 0x0000000711400000| Untracked |  0
|  62|0x0000000711600000, 0x0000000711600000, 0x0000000711800000|  0%| F|  |TAMS 0x0000000711600000| PB 0x0000000711600000| Untracked |  0
|  63|0x0000000711800000, 0x0000000711800000, 0x0000000711a00000|  0%| F|  |TAMS 0x0000000711800000| PB 0x0000000711800000| Untracked |  0
|  64|0x0000000711a00000, 0x0000000711a00000, 0x0000000711c00000|  0%| F|  |TAMS 0x0000000711a00000| PB 0x0000000711a00000| Untracked |  0
|  65|0x0000000711c00000, 0x0000000711c00000, 0x0000000711e00000|  0%| F|  |TAMS 0x0000000711c00000| PB 0x0000000711c00000| Untracked |  0
|  66|0x0000000711e00000, 0x0000000711e00000, 0x0000000712000000|  0%| F|  |TAMS 0x0000000711e00000| PB 0x0000000711e00000| Untracked |  0
|  67|0x0000000712000000, 0x0000000712000000, 0x0000000712200000|  0%| F|  |TAMS 0x0000000712000000| PB 0x0000000712000000| Untracked |  0
|  68|0x0000000712200000, 0x0000000712200000, 0x0000000712400000|  0%| F|  |TAMS 0x0000000712200000| PB 0x0000000712200000| Untracked |  0
|  69|0x0000000712400000, 0x0000000712400000, 0x0000000712600000|  0%| F|  |TAMS 0x0000000712400000| PB 0x0000000712400000| Untracked |  0
|  70|0x0000000712600000, 0x0000000712600000, 0x0000000712800000|  0%| F|  |TAMS 0x0000000712600000| PB 0x0000000712600000| Untracked |  0
|  71|0x0000000712800000, 0x0000000712800000, 0x0000000712a00000|  0%| F|  |TAMS 0x0000000712800000| PB 0x0000000712800000| Untracked |  0
|  72|0x0000000712a00000, 0x0000000712a00000, 0x0000000712c00000|  0%| F|  |TAMS 0x0000000712a00000| PB 0x0000000712a00000| Untracked |  0
|  73|0x0000000712c00000, 0x0000000712c00000, 0x0000000712e00000|  0%| F|  |TAMS 0x0000000712c00000| PB 0x0000000712c00000| Untracked |  0
|  74|0x0000000712e00000, 0x0000000712e00000, 0x0000000713000000|  0%| F|  |TAMS 0x0000000712e00000| PB 0x0000000712e00000| Untracked |  0
|  75|0x0000000713000000, 0x0000000713000000, 0x0000000713200000|  0%| F|  |TAMS 0x0000000713000000| PB 0x0000000713000000| Untracked |  0
|  76|0x0000000713200000, 0x0000000713200000, 0x0000000713400000|  0%| F|  |TAMS 0x0000000713200000| PB 0x0000000713200000| Untracked |  0
|  77|0x0000000713400000, 0x0000000713400000, 0x0000000713600000|  0%| F|  |TAMS 0x0000000713400000| PB 0x0000000713400000| Untracked |  0
|  78|0x0000000713600000, 0x0000000713600000, 0x0000000713800000|  0%| F|  |TAMS 0x0000000713600000| PB 0x0000000713600000| Untracked |  0
|  79|0x0000000713800000, 0x0000000713800000, 0x0000000713a00000|  0%| F|  |TAMS 0x0000000713800000| PB 0x0000000713800000| Untracked |  0
|  80|0x0000000713a00000, 0x0000000713a00000, 0x0000000713c00000|  0%| F|  |TAMS 0x0000000713a00000| PB 0x0000000713a00000| Untracked |  0
|  81|0x0000000713c00000, 0x0000000713c00000, 0x0000000713e00000|  0%| F|  |TAMS 0x0000000713c00000| PB 0x0000000713c00000| Untracked |  0
|  82|0x0000000713e00000, 0x0000000713e00000, 0x0000000714000000|  0%| F|  |TAMS 0x0000000713e00000| PB 0x0000000713e00000| Untracked |  0
|  83|0x0000000714000000, 0x0000000714000000, 0x0000000714200000|  0%| F|  |TAMS 0x0000000714000000| PB 0x0000000714000000| Untracked |  0
|  84|0x0000000714200000, 0x0000000714200000, 0x0000000714400000|  0%| F|  |TAMS 0x0000000714200000| PB 0x0000000714200000| Untracked |  0
|  85|0x0000000714400000, 0x0000000714400000, 0x0000000714600000|  0%| F|  |TAMS 0x0000000714400000| PB 0x0000000714400000| Untracked |  0
|  86|0x0000000714600000, 0x0000000714600000, 0x0000000714800000|  0%| F|  |TAMS 0x0000000714600000| PB 0x0000000714600000| Untracked |  0
|  87|0x0000000714800000, 0x0000000714800000, 0x0000000714a00000|  0%| F|  |TAMS 0x0000000714800000| PB 0x0000000714800000| Untracked |  0
|  88|0x0000000714a00000, 0x0000000714a00000, 0x0000000714c00000|  0%| F|  |TAMS 0x0000000714a00000| PB 0x0000000714a00000| Untracked |  0
|  89|0x0000000714c00000, 0x0000000714c00000, 0x0000000714e00000|  0%| F|  |TAMS 0x0000000714c00000| PB 0x0000000714c00000| Untracked |  0
|  90|0x0000000714e00000, 0x0000000714e00000, 0x0000000715000000|  0%| F|  |TAMS 0x0000000714e00000| PB 0x0000000714e00000| Untracked |  0
|  91|0x0000000715000000, 0x0000000715000000, 0x0000000715200000|  0%| F|  |TAMS 0x0000000715000000| PB 0x0000000715000000| Untracked |  0
|  92|0x0000000715200000, 0x0000000715200000, 0x0000000715400000|  0%| F|  |TAMS 0x0000000715200000| PB 0x0000000715200000| Untracked |  0
|  93|0x0000000715400000, 0x0000000715400000, 0x0000000715600000|  0%| F|  |TAMS 0x0000000715400000| PB 0x0000000715400000| Untracked |  0
|  94|0x0000000715600000, 0x0000000715600000, 0x0000000715800000|  0%| F|  |TAMS 0x0000000715600000| PB 0x0000000715600000| Untracked |  0
|  95|0x0000000715800000, 0x0000000715800000, 0x0000000715a00000|  0%| F|  |TAMS 0x0000000715800000| PB 0x0000000715800000| Untracked |  0
|  96|0x0000000715a00000, 0x0000000715a00000, 0x0000000715c00000|  0%| F|  |TAMS 0x0000000715a00000| PB 0x0000000715a00000| Untracked |  0
|  97|0x0000000715c00000, 0x0000000715c00000, 0x0000000715e00000|  0%| F|  |TAMS 0x0000000715c00000| PB 0x0000000715c00000| Untracked |  0
|  98|0x0000000715e00000, 0x0000000715f00000, 0x0000000716000000| 50%| E|  |TAMS 0x0000000715e00000| PB 0x0000000715e00000| Complete |  0
|  99|0x0000000716000000, 0x0000000716200000, 0x0000000716200000|100%| E|CS|TAMS 0x0000000716000000| PB 0x0000000716000000| Complete |  0
| 100|0x0000000716200000, 0x0000000716400000, 0x0000000716400000|100%| E|CS|TAMS 0x0000000716200000| PB 0x0000000716200000| Complete |  0
| 101|0x0000000716400000, 0x0000000716600000, 0x0000000716600000|100%| E|CS|TAMS 0x0000000716400000| PB 0x0000000716400000| Complete |  0
| 123|0x0000000719000000, 0x0000000719200000, 0x0000000719200000|100%| E|CS|TAMS 0x0000000719000000| PB 0x0000000719000000| Complete |  0
|1968|0x00000007ffa00000, 0x00000007ffc00000, 0x00000007ffc00000|100%| O|  |TAMS 0x00000007ffa00000| PB 0x00000007ffa00000| Untracked |  0
|1969|0x00000007ffc00000, 0x00000007ffe00000, 0x00000007ffe00000|100%| E|CS|TAMS 0x00000007ffc00000| PB 0x00000007ffc00000| Complete |  0
|1970|0x00000007ffe00000, 0x0000000800000000, 0x0000000800000000|100%| E|CS|TAMS 0x00000007ffe00000| PB 0x00000007ffe00000| Complete |  0

Card table byte_map: [0x0000020a23700000,0x0000020a23ec0000] _byte_map_base: 0x0000020a1feb3000

Marking Bits: (CMBitMap*) 0x0000020a0b93f420
 Bits: [0x0000020a23ec0000, 0x0000020a27c58000)

Polling page: 0x0000020a097c0000

Metaspace:

Usage:
  Non-class:     76.99 MB used.
      Class:     12.03 MB used.
       Both:     89.02 MB used.

Virtual space:
  Non-class space:      128.00 MB reserved,      77.50 MB ( 61%) committed,  2 nodes.
      Class space:        1.00 GB reserved,      12.44 MB (  1%) committed,  1 nodes.
             Both:        1.12 GB reserved,      89.94 MB (  8%) committed. 

Chunk freelists:
   Non-Class:  2.52 MB
       Class:  3.60 MB
        Both:  6.11 MB

MaxMetaspaceSize: unlimited
CompressedClassSpaceSize: 1.00 GB
Initial GC threshold: 21.00 MB
Current GC threshold: 147.12 MB
CDS: on
 - commit_granule_bytes: 65536.
 - commit_granule_words: 8192.
 - virtual_space_node_default_size: 8388608.
 - enlarge_chunks_in_place: 1.
 - use_allocation_guard: 0.


Internal statistics:

num_allocs_failed_limit: 6.
num_arena_births: 1354.
num_arena_deaths: 0.
num_vsnodes_births: 3.
num_vsnodes_deaths: 0.
num_space_committed: 1439.
num_space_uncommitted: 0.
num_chunks_returned_to_freelist: 6.
num_chunks_taken_from_freelist: 4660.
num_chunk_merges: 3.
num_chunk_splits: 3311.
num_chunks_enlarged: 2530.
num_inconsistent_stats: 0.

CodeHeap 'non-profiled nmethods': size=120000Kb used=7240Kb max_used=7240Kb free=112759Kb
 bounds [0x0000020a1b6e0000, 0x0000020a1be00000, 0x0000020a22c10000]
CodeHeap 'profiled nmethods': size=120000Kb used=22324Kb max_used=22324Kb free=97675Kb
 bounds [0x0000020a13c10000, 0x0000020a151e0000, 0x0000020a1b140000]
CodeHeap 'non-nmethods': size=5760Kb used=2038Kb max_used=2084Kb free=3721Kb
 bounds [0x0000020a1b140000, 0x0000020a1b3b0000, 0x0000020a1b6e0000]
 total_blobs=12442 nmethods=11639 adapters=706
 compilation: enabled
              stopped_count=0, restarted_count=0
 full_count=0

Compilation events (20 events):
Event: 4109.507 Thread 0x0000020a2a7630a0 13316       3       java.util.ImmutableCollections$MapN$MapNIterator::next (75 bytes)
Event: 4109.508 Thread 0x0000020a2a7630a0 nmethod 13316 0x0000020a151dbe90 code [0x0000020a151dc0c0, 0x0000020a151dc918]
Event: 4109.508 Thread 0x0000020a2a7630a0 13315       3       java.util.ImmutableCollections$MapN$MapNIterator::next (5 bytes)
Event: 4109.508 Thread 0x0000020a2a7630a0 nmethod 13315 0x0000020a151dcc90 code [0x0000020a151dce40, 0x0000020a151dcf98]
Event: 4109.520 Thread 0x0000020a2a75e8a0 nmethod 13313 0x0000020a1bde9e10 code [0x0000020a1bdea040, 0x0000020a1bdea918]
Event: 4177.012 Thread 0x0000020a2a75e8a0 13317       4       java.util.concurrent.ThreadPoolExecutor::ensurePrestart (41 bytes)
Event: 4177.013 Thread 0x0000020a2a75e8a0 nmethod 13317 0x0000020a1bdeaf10 code [0x0000020a1bdeb0a0, 0x0000020a1bdeb190]
Event: 4180.026 Thread 0x0000020a2a75e8a0 13318       4       java.util.concurrent.ScheduledThreadPoolExecutor$DelayedWorkQueue::siftUp (64 bytes)
Event: 4180.033 Thread 0x0000020a2a75e8a0 nmethod 13318 0x0000020a1bdeb290 code [0x0000020a1bdeb460, 0x0000020a1bdeba40]
Event: 4187.785 Thread 0x0000020a2a75e8a0 13319   !   4       java.util.concurrent.ScheduledThreadPoolExecutor$DelayedWorkQueue::offer (123 bytes)
Event: 4187.799 Thread 0x0000020a2a75e8a0 nmethod 13319 0x0000020a1bdebd90 code [0x0000020a1bdec020, 0x0000020a1bded448]
Event: 4190.013 Thread 0x0000020a2a75e8a0 13320       4       java.util.concurrent.ScheduledThreadPoolExecutor$DelayedWorkQueue::add (9 bytes)
Event: 4190.029 Thread 0x0000020a2a75e8a0 nmethod 13320 0x0000020a1bdede10 code [0x0000020a1bdee0a0, 0x0000020a1bdef558]
Event: 4194.018 Thread 0x0000020a2a75e8a0 13321       4       java.util.concurrent.ScheduledThreadPoolExecutor$ScheduledFutureTask::run (57 bytes)
Event: 4194.022 Thread 0x0000020a2a75e8a0 nmethod 13321 0x0000020a1bdeff10 code [0x0000020a1bdf0120, 0x0000020a1bdf06f8]
Event: 4194.179 Thread 0x0000020a2a75e8a0 13322       4       java.util.concurrent.ScheduledThreadPoolExecutor$DelayedWorkQueue::finishPoll (43 bytes)
Event: 4194.187 Thread 0x0000020a2a75e8a0 nmethod 13322 0x0000020a1bdf0c90 code [0x0000020a1bdf0ea0, 0x0000020a1bdf1a28]
Event: 4197.786 Thread 0x0000020a2a75e8a0 13323       4       org.apache.catalina.webresources.Cache$$Lambda/0x0000020a2cc536e0::applyAsLong (8 bytes)
Event: 4197.786 Thread 0x0000020a2a75e8a0 nmethod 13323 0x0000020a1bdf2010 code [0x0000020a1bdf21a0, 0x0000020a1bdf2260]
Event: 4199.021 Thread 0x0000020a2a75e8a0 13324   !   4       java.util.concurrent.ThreadPoolExecutor::getTask (177 bytes)

GC Heap History (20 events):
Event: 16.693 GC heap before
{Heap before GC invocations=21 (full 0):
 garbage-first heap   total reserved 4036608K, committed 102400K, used 82470K [0x0000000709a00000, 0x0000000800000000)
  region size 2048K, 18 young (36864K), 3 survivors (6144K)
 Metaspace       used 79822K, committed 80640K, reserved 1179648K
  class space    used 11018K, committed 11392K, reserved 1048576K
}
Event: 16.701 GC heap after
{Heap after GC invocations=22 (full 0):
 garbage-first heap   total reserved 4036608K, committed 102400K, used 59392K [0x0000000709a00000, 0x0000000800000000)
  region size 2048K, 3 young (6144K), 3 survivors (6144K)
 Metaspace       used 79822K, committed 80640K, reserved 1179648K
  class space    used 11018K, committed 11392K, reserved 1048576K
}
Event: 16.837 GC heap before
{Heap before GC invocations=22 (full 0):
 garbage-first heap   total reserved 4036608K, committed 102400K, used 83968K [0x0000000709a00000, 0x0000000800000000)
  region size 2048K, 16 young (32768K), 3 survivors (6144K)
 Metaspace       used 79868K, committed 80704K, reserved 1179648K
  class space    used 11021K, committed 11392K, reserved 1048576K
}
Event: 16.844 GC heap after
{Heap after GC invocations=23 (full 0):
 garbage-first heap   total reserved 4036608K, committed 102400K, used 67396K [0x0000000709a00000, 0x0000000800000000)
  region size 2048K, 2 young (4096K), 2 survivors (4096K)
 Metaspace       used 79868K, committed 80704K, reserved 1179648K
  class space    used 11021K, committed 11392K, reserved 1048576K
}
Event: 16.905 GC heap before
{Heap before GC invocations=23 (full 0):
 garbage-first heap   total reserved 4036608K, committed 102400K, used 85828K [0x0000000709a00000, 0x0000000800000000)
  region size 2048K, 12 young (24576K), 2 survivors (4096K)
 Metaspace       used 79884K, committed 80704K, reserved 1179648K
  class space    used 11021K, committed 11392K, reserved 1048576K
}
Event: 16.910 GC heap after
{Heap after GC invocations=24 (full 0):
 garbage-first heap   total reserved 4036608K, committed 102400K, used 73009K [0x0000000709a00000, 0x0000000800000000)
  region size 2048K, 2 young (4096K), 2 survivors (4096K)
 Metaspace       used 79884K, committed 80704K, reserved 1179648K
  class space    used 11021K, committed 11392K, reserved 1048576K
}
Event: 17.011 GC heap before
{Heap before GC invocations=25 (full 0):
 garbage-first heap   total reserved 4036608K, committed 120832K, used 85297K [0x0000000709a00000, 0x0000000800000000)
  region size 2048K, 10 young (20480K), 2 survivors (4096K)
 Metaspace       used 79895K, committed 80768K, reserved 1179648K
  class space    used 11021K, committed 11392K, reserved 1048576K
}
Event: 17.017 GC heap after
{Heap after GC invocations=26 (full 0):
 garbage-first heap   total reserved 4036608K, committed 120832K, used 77188K [0x0000000709a00000, 0x0000000800000000)
  region size 2048K, 2 young (4096K), 2 survivors (4096K)
 Metaspace       used 79895K, committed 80768K, reserved 1179648K
  class space    used 11021K, committed 11392K, reserved 1048576K
}
Event: 17.113 GC heap before
{Heap before GC invocations=26 (full 0):
 garbage-first heap   total reserved 4036608K, committed 120832K, used 97668K [0x0000000709a00000, 0x0000000800000000)
  region size 2048K, 13 young (26624K), 2 survivors (4096K)
 Metaspace       used 79899K, committed 80768K, reserved 1179648K
  class space    used 11021K, committed 11392K, reserved 1048576K
}
Event: 17.120 GC heap after
{Heap after GC invocations=27 (full 0):
 garbage-first heap   total reserved 4036608K, committed 217088K, used 74019K [0x0000000709a00000, 0x0000000800000000)
  region size 2048K, 2 young (4096K), 2 survivors (4096K)
 Metaspace       used 79899K, committed 80768K, reserved 1179648K
  class space    used 11021K, committed 11392K, reserved 1048576K
}
Event: 21.359 GC heap before
{Heap before GC invocations=27 (full 0):
 garbage-first heap   total reserved 4036608K, committed 217088K, used 145699K [0x0000000709a00000, 0x0000000800000000)
  region size 2048K, 38 young (77824K), 2 survivors (4096K)
 Metaspace       used 88491K, committed 89408K, reserved 1179648K
  class space    used 12254K, committed 12672K, reserved 1048576K
}
Event: 21.372 GC heap after
{Heap after GC invocations=28 (full 0):
 garbage-first heap   total reserved 4036608K, committed 217088K, used 84588K [0x0000000709a00000, 0x0000000800000000)
  region size 2048K, 5 young (10240K), 5 survivors (10240K)
 Metaspace       used 88491K, committed 89408K, reserved 1179648K
  class space    used 12254K, committed 12672K, reserved 1048576K
}
Event: 890.492 GC heap before
{Heap before GC invocations=28 (full 0):
 garbage-first heap   total reserved 4036608K, committed 217088K, used 156268K [0x0000000709a00000, 0x0000000800000000)
  region size 2048K, 40 young (81920K), 5 survivors (10240K)
 Metaspace       used 88950K, committed 89856K, reserved 1179648K
  class space    used 12257K, committed 12672K, reserved 1048576K
}
Event: 890.502 GC heap after
{Heap after GC invocations=29 (full 0):
 garbage-first heap   total reserved 4036608K, committed 217088K, used 86722K [0x0000000709a00000, 0x0000000800000000)
  region size 2048K, 1 young (2048K), 1 survivors (2048K)
 Metaspace       used 88950K, committed 89856K, reserved 1179648K
  class space    used 12257K, committed 12672K, reserved 1048576K
}
Event: 1813.657 GC heap before
{Heap before GC invocations=29 (full 0):
 garbage-first heap   total reserved 4036608K, committed 217088K, used 166594K [0x0000000709a00000, 0x0000000800000000)
  region size 2048K, 40 young (81920K), 1 survivors (2048K)
 Metaspace       used 89408K, committed 90304K, reserved 1179648K
  class space    used 12262K, committed 12672K, reserved 1048576K
}
Event: 1813.671 GC heap after
{Heap after GC invocations=30 (full 0):
 garbage-first heap   total reserved 4036608K, committed 217088K, used 86513K [0x0000000709a00000, 0x0000000800000000)
  region size 2048K, 1 young (2048K), 1 survivors (2048K)
 Metaspace       used 89408K, committed 90304K, reserved 1179648K
  class space    used 12262K, committed 12672K, reserved 1048576K
}
Event: 2759.676 GC heap before
{Heap before GC invocations=31 (full 0):
 garbage-first heap   total reserved 4036608K, committed 217088K, used 172529K [0x0000000709a00000, 0x0000000800000000)
  region size 2048K, 47 young (96256K), 1 survivors (2048K)
 Metaspace       used 90713K, committed 91648K, reserved 1179648K
  class space    used 12283K, committed 12736K, reserved 1048576K
}
Event: 2759.680 GC heap after
{Heap after GC invocations=32 (full 0):
 garbage-first heap   total reserved 4036608K, committed 217088K, used 78400K [0x0000000709a00000, 0x0000000800000000)
  region size 2048K, 1 young (2048K), 1 survivors (2048K)
 Metaspace       used 90713K, committed 91648K, reserved 1179648K
  class space    used 12283K, committed 12736K, reserved 1048576K
}
Event: 4043.647 GC heap before
{Heap before GC invocations=32 (full 0):
 garbage-first heap   total reserved 4036608K, committed 217088K, used 182848K [0x0000000709a00000, 0x0000000800000000)
  region size 2048K, 52 young (106496K), 1 survivors (2048K)
 Metaspace       used 90998K, committed 91904K, reserved 1179648K
  class space    used 12312K, committed 12736K, reserved 1048576K
}
Event: 4043.664 GC heap after
{Heap after GC invocations=33 (full 0):
 garbage-first heap   total reserved 4036608K, committed 217088K, used 56908K [0x0000000709a00000, 0x0000000800000000)
  region size 2048K, 2 young (4096K), 2 survivors (4096K)
 Metaspace       used 90998K, committed 91904K, reserved 1179648K
  class space    used 12312K, committed 12736K, reserved 1048576K
}

Dll operation events (12 events):
Event: 0.016 Loaded shared library C:\Program Files\Java\jdk-22\bin\java.dll
Event: 0.065 Loaded shared library C:\Program Files\Java\jdk-22\bin\jsvml.dll
Event: 0.190 Loaded shared library C:\Program Files\Java\jdk-22\bin\net.dll
Event: 0.193 Loaded shared library C:\Program Files\Java\jdk-22\bin\nio.dll
Event: 0.198 Loaded shared library C:\Program Files\Java\jdk-22\bin\zip.dll
Event: 0.379 Loaded shared library C:\Program Files\Java\jdk-22\bin\jimage.dll
Event: 0.985 Loaded shared library C:\Program Files\Java\jdk-22\bin\management.dll
Event: 0.995 Loaded shared library C:\Program Files\Java\jdk-22\bin\management_ext.dll
Event: 1.975 Loaded shared library C:\Program Files\Java\jdk-22\bin\le.dll
Event: 3.208 Loaded shared library C:\Program Files\Java\jdk-22\bin\sunmscapi.dll
Event: 8.295 Loaded shared library C:\Program Files\Java\jdk-22\bin\verify.dll
Event: 8.899 Loaded shared library C:\Program Files\Java\jdk-22\bin\extnet.dll

Deoptimization events (20 events):
Event: 4181.021 Thread 0x0000020a74e03310 Uncommon trap: trap_request=0xffffffd6 fr.pc=0x0000020a1bdeb8f8 relative=0x0000000000000498
Event: 4181.021 Thread 0x0000020a74e03310 Uncommon trap: reason=array_check action=maybe_recompile pc=0x0000020a1bdeb8f8 method=java.util.concurrent.ScheduledThreadPoolExecutor$DelayedWorkQueue.siftUp(ILjava/util/concurrent/RunnableScheduledFuture;)V @ 39 c2
Event: 4181.022 Thread 0x0000020a74e03310 DEOPT PACKING pc=0x0000020a1bdeb8f8 sp=0x000000a709bff310
Event: 4181.022 Thread 0x0000020a74e03310 DEOPT UNPACKING pc=0x0000020a1b197da2 sp=0x000000a709bff2c8 mode 2
Event: 4182.015 Thread 0x0000020a74e02c80 Uncommon trap: trap_request=0xffffffd6 fr.pc=0x0000020a1bdeb8f8 relative=0x0000000000000498
Event: 4182.015 Thread 0x0000020a74e02c80 Uncommon trap: reason=array_check action=maybe_recompile pc=0x0000020a1bdeb8f8 method=java.util.concurrent.ScheduledThreadPoolExecutor$DelayedWorkQueue.siftUp(ILjava/util/concurrent/RunnableScheduledFuture;)V @ 39 c2
Event: 4182.015 Thread 0x0000020a74e02c80 DEOPT PACKING pc=0x0000020a1bdeb8f8 sp=0x000000a709cff1b0
Event: 4182.015 Thread 0x0000020a74e02c80 DEOPT UNPACKING pc=0x0000020a1b197da2 sp=0x000000a709cff168 mode 2
Event: 4183.014 Thread 0x0000020a74e02c80 Uncommon trap: trap_request=0xffffffd6 fr.pc=0x0000020a1bdeb8f8 relative=0x0000000000000498
Event: 4183.015 Thread 0x0000020a74e02c80 Uncommon trap: reason=array_check action=maybe_recompile pc=0x0000020a1bdeb8f8 method=java.util.concurrent.ScheduledThreadPoolExecutor$DelayedWorkQueue.siftUp(ILjava/util/concurrent/RunnableScheduledFuture;)V @ 39 c2
Event: 4183.015 Thread 0x0000020a74e02c80 DEOPT PACKING pc=0x0000020a1bdeb8f8 sp=0x000000a709cff1b0
Event: 4183.015 Thread 0x0000020a74e02c80 DEOPT UNPACKING pc=0x0000020a1b197da2 sp=0x000000a709cff168 mode 2
Event: 4188.025 Thread 0x0000020a74e03310 Uncommon trap: trap_request=0xffffffd6 fr.pc=0x0000020a1bdecddc relative=0x0000000000000dbc
Event: 4188.025 Thread 0x0000020a74e03310 Uncommon trap: reason=array_check action=maybe_recompile pc=0x0000020a1bdecddc method=java.util.concurrent.ScheduledThreadPoolExecutor$DelayedWorkQueue.siftUp(ILjava/util/concurrent/RunnableScheduledFuture;)V @ 57 c2
Event: 4188.025 Thread 0x0000020a74e03310 DEOPT PACKING pc=0x0000020a1bdecddc sp=0x000000a709bff3d0
Event: 4188.025 Thread 0x0000020a74e03310 DEOPT UNPACKING pc=0x0000020a1b197da2 sp=0x000000a709bff310 mode 2
Event: 4189.021 Thread 0x0000020a74e03310 Uncommon trap: trap_request=0xffffffd6 fr.pc=0x0000020a1bdecddc relative=0x0000000000000dbc
Event: 4189.021 Thread 0x0000020a74e03310 Uncommon trap: reason=array_check action=maybe_recompile pc=0x0000020a1bdecddc method=java.util.concurrent.ScheduledThreadPoolExecutor$DelayedWorkQueue.siftUp(ILjava/util/concurrent/RunnableScheduledFuture;)V @ 57 c2
Event: 4189.021 Thread 0x0000020a74e03310 DEOPT PACKING pc=0x0000020a1bdecddc sp=0x000000a709bff3d0
Event: 4189.021 Thread 0x0000020a74e03310 DEOPT UNPACKING pc=0x0000020a1b197da2 sp=0x000000a709bff310 mode 2

Classes loaded (20 events):
Event: 1772.281 Loading class sun/security/ssl/Alert$Level
Event: 1772.282 Loading class sun/security/ssl/Alert$Level done
Event: 1772.290 Loading class sun/net/ConnectionResetException
Event: 1772.292 Loading class sun/net/ConnectionResetException done
Event: 1814.262 Loading class java/util/concurrent/locks/ReentrantReadWriteLock$Sync$HoldCounter
Event: 1814.266 Loading class java/util/concurrent/locks/ReentrantReadWriteLock$Sync$HoldCounter done
Event: 3585.732 Loading class java/util/ArrayList$SubList$2
Event: 3585.736 Loading class java/util/ArrayList$SubList$2 done
Event: 3585.961 Loading class java/util/stream/ReferencePipeline$4
Event: 3585.962 Loading class java/util/stream/ReferencePipeline$4 done
Event: 3585.963 Loading class java/util/function/IntBinaryOperator
Event: 3585.963 Loading class java/util/function/IntBinaryOperator done
Event: 3585.964 Loading class java/util/stream/ReduceOps$7
Event: 3585.965 Loading class java/util/stream/ReduceOps$7 done
Event: 3585.965 Loading class java/util/stream/ReduceOps$6ReducingSink
Event: 3585.966 Loading class java/util/stream/ReduceOps$6ReducingSink done
Event: 3585.966 Loading class java/util/stream/ReferencePipeline$4$1
Event: 3585.966 Loading class java/util/stream/ReferencePipeline$4$1 done
Event: 4109.507 Loading class java/util/TreeMap$KeySpliterator
Event: 4109.510 Loading class java/util/TreeMap$KeySpliterator done

Classes unloaded (0 events):
No events

Classes redefined (0 events):
No events

Internal exceptions (20 events):
Event: 17.640 Thread 0x0000020a707fde10 Exception <a 'java/lang/NoSuchMethodError'{0x0000000714faa310}: 'java.lang.Object java.lang.invoke.DirectMethodHandle$Holder.invokeVirtual(java.lang.Object, java.lang.Object, java.lang.Object, java.lang.Object, java.lang.Object, java.lang.Object, java.lang.Object, java.lang.Object, java.lang.Object)'> (0x0000000714faa310) 
thrown [s\open\src\hotspot\share\interpreter\linkResolver.cpp, line 774]
Event: 17.698 Thread 0x0000020a707fde10 Exception <a 'java/lang/NoSuchMethodError'{0x0000000714d67c10}: 'java.lang.Object java.lang.invoke.DirectMethodHandle$Holder.invokeVirtual(java.lang.Object, java.lang.Object, java.lang.Object, java.lang.Object, java.lang.Object, java.lang.Object, java.lang.Object, java.lang.Object, java.lang.Object, java.lang.Object)'> (0x0000000714d67c10) 
thrown [s\open\src\hotspot\share\interpreter\linkResolver.cpp, line 774]
Event: 17.738 Thread 0x0000020a707fde10 Exception <a 'java/lang/NoSuchMethodError'{0x0000000714a6d8b8}: 'java.lang.Object java.lang.invoke.DirectMethodHandle$Holder.invokeVirtual(java.lang.Object, java.lang.Object, java.lang.Object, java.lang.Object, java.lang.Object, java.lang.Object, java.lang.Object, java.lang.Object, java.lang.Object, java.lang.Object, java.lang.Object, java.lang.Object)'> (0x0000000714a6d8b8) 
thrown [s\open\src\hotspot\share\interpreter\linkResolver.cpp, line 774]
Event: 17.776 Thread 0x0000020a707fde10 Exception <a 'java/lang/IncompatibleClassChangeError'{0x0000000714bd6e80}: Found class java.lang.Object, but interface was expected> (0x0000000714bd6e80) 
thrown [s\open\src\hotspot\share\interpreter\linkResolver.cpp, line 841]
Event: 17.973 Thread 0x0000020a707fde10 Exception <a 'java/lang/NoSuchMethodError'{0x00000007140aabb8}: 'java.lang.Object java.lang.invoke.DirectMethodHandle$Holder.newInvokeSpecial(java.lang.Object, java.lang.Object, int, java.lang.Object, java.lang.Object)'> (0x00000007140aabb8) 
thrown [s\open\src\hotspot\share\interpreter\linkResolver.cpp, line 774]
Event: 18.081 Thread 0x0000020a707fde10 Exception <a 'java/lang/NoSuchMethodError'{0x0000000713fc3470}: 'void java.lang.invoke.DirectMethodHandle$Holder.invokeSpecialIFC(java.lang.Object, java.lang.Object, int, java.lang.Object, java.lang.Object, java.lang.Object, java.lang.Object)'> (0x0000000713fc3470) 
thrown [s\open\src\hotspot\share\interpreter\linkResolver.cpp, line 774]
Event: 20.529 Thread 0x0000020a74e025f0 Exception <a 'java/lang/NoSuchMethodError'{0x000000071382a740}: 'java.lang.Object java.lang.invoke.DirectMethodHandle$Holder.invokeSpecial(java.lang.Object, java.lang.Object, java.lang.Object, java.lang.Object, java.lang.Object, long)'> (0x000000071382a740) 
thrown [s\open\src\hotspot\share\interpreter\linkResolver.cpp, line 774]
Event: 20.530 Thread 0x0000020a74e025f0 Exception <a 'java/lang/NoSuchMethodError'{0x000000071382deb8}: 'java.lang.Object java.lang.invoke.Invokers$Holder.linkToTargetMethod(java.lang.Object, java.lang.Object, java.lang.Object, long, java.lang.Object)'> (0x000000071382deb8) 
thrown [s\open\src\hotspot\share\interpreter\linkResolver.cpp, line 774]
Event: 21.046 Thread 0x0000020a74e074b0 Exception <a 'java/lang/IncompatibleClassChangeError'{0x0000000712884060}: Found class java.lang.Object, but interface was expected> (0x0000000712884060) 
thrown [s\open\src\hotspot\share\interpreter\linkResolver.cpp, line 841]
Event: 21.177 Thread 0x0000020a74e074b0 Implicit null exception at 0x0000020a1bae7b03 to 0x0000020a1bae8014
Event: 21.212 Thread 0x0000020a74e06e20 Exception <a 'java/lang/NoSuchMethodError'{0x00000007129d2ff0}: 'java.lang.Object java.lang.invoke.DirectMethodHandle$Holder.newInvokeSpecial(java.lang.Object, java.lang.Object, long)'> (0x00000007129d2ff0) 
thrown [s\open\src\hotspot\share\interpreter\linkResolver.cpp, line 774]
Event: 21.212 Thread 0x0000020a74e06e20 Exception <a 'java/lang/NoSuchMethodError'{0x00000007129d6998}: 'java.lang.Object java.lang.invoke.Invokers$Holder.linkToTargetMethod(java.lang.Object, long, java.lang.Object)'> (0x00000007129d6998) 
thrown [s\open\src\hotspot\share\interpreter\linkResolver.cpp, line 774]
Event: 21.258 Thread 0x0000020a74e06e20 Exception <a 'java/lang/IncompatibleClassChangeError'{0x0000000712734f28}: Found class java.lang.Object, but interface was expected> (0x0000000712734f28) 
thrown [s\open\src\hotspot\share\interpreter\linkResolver.cpp, line 841]
Event: 1772.284 Thread 0x0000020a71412e10 Exception <a 'java/io/IOException'{0x0000000712718488}> (0x0000000712718488) 
thrown [s\open\src\hotspot\share\prims\jni.cpp, line 520]
Event: 1772.290 Thread 0x0000020a71412e10 Exception <a 'java/io/IOException'{0x0000000712719928}> (0x0000000712719928) 
thrown [s\open\src\hotspot\share\prims\jni.cpp, line 520]
Event: 1806.897 Thread 0x0000020a71412e10 Exception <a 'java/io/IOException'{0x0000000711e8e488}> (0x0000000711e8e488) 
thrown [s\open\src\hotspot\share\prims\jni.cpp, line 520]
Event: 1806.897 Thread 0x0000020a71412e10 Exception <a 'java/io/IOException'{0x0000000711e8f0f0}> (0x0000000711e8f0f0) 
thrown [s\open\src\hotspot\share\prims\jni.cpp, line 520]
Event: 3585.711 Thread 0x0000020a74e06e20 Exception <a 'java/lang/NoSuchMethodError'{0x0000000712bc21c8}: 'java.lang.Object java.lang.invoke.DirectMethodHandle$Holder.invokeStatic(java.lang.Object, int, int)'> (0x0000000712bc21c8) 
thrown [s\open\src\hotspot\share\interpreter\linkResolver.cpp, line 774]
Event: 3604.283 Thread 0x0000020a730e6fd0 Exception <a 'java/io/IOException'{0x00000007129d0da8}> (0x00000007129d0da8) 
thrown [s\open\src\hotspot\share\prims\jni.cpp, line 520]
Event: 4115.054 Thread 0x0000020a74e081d0 Exception <a 'sun/net/ConnectionResetException'{0x0000000716400038}: Connection reset> (0x0000000716400038) 
thrown [s\open\src\hotspot\share\prims\jni.cpp, line 539]

ZGC Phase Switch (0 events):
No events

VM Operations (20 events):
Event: 3604.885 Executing VM operation: Cleanup
Event: 3604.885 Executing VM operation: Cleanup done
Event: 3633.103 Executing VM operation: Cleanup
Event: 3633.103 Executing VM operation: Cleanup done
Event: 3655.291 Executing VM operation: Cleanup
Event: 3655.291 Executing VM operation: Cleanup done
Event: 3657.309 Executing VM operation: Cleanup
Event: 3657.309 Executing VM operation: Cleanup done
Event: 3668.381 Executing VM operation: HandshakeAllThreads (HandshakeForDeflation)
Event: 3668.381 Executing VM operation: HandshakeAllThreads (HandshakeForDeflation) done
Event: 3668.381 Executing VM operation: RendezvousGCThreads
Event: 3668.381 Executing VM operation: RendezvousGCThreads done
Event: 4043.646 Executing VM operation: G1CollectForAllocation (G1 Evacuation Pause)
Event: 4043.664 Executing VM operation: G1CollectForAllocation (G1 Evacuation Pause) done
Event: 4110.252 Executing VM operation: Cleanup
Event: 4110.252 Executing VM operation: Cleanup done
Event: 4191.071 Executing VM operation: Cleanup
Event: 4191.071 Executing VM operation: Cleanup done
Event: 4195.110 Executing VM operation: Cleanup
Event: 4195.110 Executing VM operation: Cleanup done

Memory protections (0 events):
No events

Nmethod flushes (20 events):
Event: 1813.863 Thread 0x0000020a2a700480 flushing osr nmethod 0x0000020a1ba0a190
Event: 1813.863 Thread 0x0000020a2a700480 flushing  nmethod 0x0000020a13e24110
Event: 1813.863 Thread 0x0000020a2a700480 flushing  nmethod 0x0000020a13e26f10
Event: 1813.864 Thread 0x0000020a2a700480 flushing  nmethod 0x0000020a13f41710
Event: 1813.864 Thread 0x0000020a2a700480 flushing  nmethod 0x0000020a13f4f210
Event: 1813.864 Thread 0x0000020a2a700480 flushing  nmethod 0x0000020a1411fe90
Event: 1813.864 Thread 0x0000020a2a700480 flushing osr nmethod 0x0000020a14a56590
Event: 1813.864 Thread 0x0000020a2a700480 flushing  nmethod 0x0000020a1b741010
Event: 1813.864 Thread 0x0000020a2a700480 flushing  nmethod 0x0000020a1b946510
Event: 1813.864 Thread 0x0000020a2a700480 flushing  nmethod 0x0000020a13d6c390
Event: 1813.864 Thread 0x0000020a2a700480 flushing  nmethod 0x0000020a13d71b10
Event: 1813.864 Thread 0x0000020a2a700480 flushing  nmethod 0x0000020a13dd2b10
Event: 1813.864 Thread 0x0000020a2a700480 flushing  nmethod 0x0000020a13dd3810
Event: 1813.864 Thread 0x0000020a2a700480 flushing  nmethod 0x0000020a13eb2a10
Event: 1813.864 Thread 0x0000020a2a700480 flushing  nmethod 0x0000020a13f33e10
Event: 1813.864 Thread 0x0000020a2a700480 flushing  nmethod 0x0000020a14104010
Event: 1813.864 Thread 0x0000020a2a700480 flushing  nmethod 0x0000020a1410f690
Event: 1813.865 Thread 0x0000020a2a700480 flushing  nmethod 0x0000020a14af5410
Event: 1813.865 Thread 0x0000020a2a700480 flushing  nmethod 0x0000020a14af6210
Event: 1813.865 Thread 0x0000020a2a700480 flushing  nmethod 0x0000020a14af6690

Events (20 events):
Event: 3543.846 Thread 0x0000020a71414ee0 Thread added: 0x0000020a730e7660
Event: 3543.873 Thread 0x0000020a730e7660 Thread added: 0x0000020a730e6940
Event: 3553.438 Thread 0x0000020a730e7660 Thread exited: 0x0000020a730e7660
Event: 3553.548 Thread 0x0000020a730e6940 Thread exited: 0x0000020a730e6940
Event: 3557.487 Thread 0x0000020a71414ee0 Thread added: 0x0000020a730e6940
Event: 3557.491 Thread 0x0000020a730e6940 Thread added: 0x0000020a730e7660
Event: 3564.373 Thread 0x0000020a730e6940 Thread exited: 0x0000020a730e6940
Event: 3564.436 Thread 0x0000020a730e7660 Thread exited: 0x0000020a730e7660
Event: 3568.361 Thread 0x0000020a71414ee0 Thread added: 0x0000020a730e6940
Event: 3568.364 Thread 0x0000020a730e6940 Thread added: 0x0000020a730e90a0
Event: 3580.502 Thread 0x0000020a730e6940 Thread exited: 0x0000020a730e6940
Event: 3580.552 Thread 0x0000020a730e90a0 Thread exited: 0x0000020a730e90a0
Event: 3598.878 Thread 0x0000020a71414ee0 Thread added: 0x0000020a730e7cf0
Event: 3598.881 Thread 0x0000020a730e7cf0 Thread added: 0x0000020a730e5c20
Event: 3603.885 Thread 0x0000020a730e7cf0 Thread exited: 0x0000020a730e7cf0
Event: 3603.949 Thread 0x0000020a730e5c20 Thread exited: 0x0000020a730e5c20
Event: 3604.280 Thread 0x0000020a71414ee0 Thread added: 0x0000020a730e6fd0
Event: 3604.287 Thread 0x0000020a730e6fd0 Thread added: 0x0000020a730e90a0
Event: 3609.297 Thread 0x0000020a730e6fd0 Thread exited: 0x0000020a730e6fd0
Event: 3609.345 Thread 0x0000020a730e90a0 Thread exited: 0x0000020a730e90a0


Dynamic libraries:
0x00007ff638d10000 - 0x00007ff638d20000 	C:\Program Files\Java\jdk-22\bin\java.exe
0x00007ffa13ec0000 - 0x00007ffa14123000 	C:\WINDOWS\SYSTEM32\ntdll.dll
0x00007ffa12f70000 - 0x00007ffa13037000 	C:\WINDOWS\System32\KERNEL32.DLL
0x00007ffa11260000 - 0x00007ffa11627000 	C:\WINDOWS\System32\KERNELBASE.dll
0x00007ffa11a50000 - 0x00007ffa11b9c000 	C:\WINDOWS\System32\ucrtbase.dll
0x00007ff9ff590000 - 0x00007ff9ff5ab000 	C:\Program Files\Java\jdk-22\bin\VCRUNTIME140.dll
0x00007ff9e12c0000 - 0x00007ff9e12d7000 	C:\Program Files\Java\jdk-22\bin\jli.dll
0x00007ffa125f0000 - 0x00007ffa127b9000 	C:\WINDOWS\System32\USER32.dll
0x00007ffa11a20000 - 0x00007ffa11a47000 	C:\WINDOWS\System32\win32u.dll
0x00007ffa12340000 - 0x00007ffa1236a000 	C:\WINDOWS\System32\GDI32.dll
0x00007ff9fdbc0000 - 0x00007ff9fde50000 	C:\WINDOWS\WinSxS\amd64_microsoft.windows.common-controls_6595b64144ccf1df_6.0.26100.3037_none_3e09262ce333c378\COMCTL32.dll
0x00007ffa11630000 - 0x00007ffa1175b000 	C:\WINDOWS\System32\gdi32full.dll
0x00007ffa11970000 - 0x00007ffa11a13000 	C:\WINDOWS\System32\msvcp_win.dll
0x00007ffa13450000 - 0x00007ffa134f9000 	C:\WINDOWS\System32\msvcrt.dll
0x00007ffa11d00000 - 0x00007ffa11d2f000 	C:\WINDOWS\System32\IMM32.DLL
0x00007ff9fd7b0000 - 0x00007ff9fd7bc000 	C:\Program Files\Java\jdk-22\bin\vcruntime140_1.dll
0x00007ff9dea40000 - 0x00007ff9deace000 	C:\Program Files\Java\jdk-22\bin\msvcp140.dll
0x00007ff9b51b0000 - 0x00007ff9b5ef9000 	C:\Program Files\Java\jdk-22\bin\server\jvm.dll
0x00007ffa13760000 - 0x00007ffa13814000 	C:\WINDOWS\System32\ADVAPI32.dll
0x00007ffa13dd0000 - 0x00007ffa13e76000 	C:\WINDOWS\System32\sechost.dll
0x00007ffa13a40000 - 0x00007ffa13b56000 	C:\WINDOWS\System32\RPCRT4.dll
0x00007ffa133d0000 - 0x00007ffa13444000 	C:\WINDOWS\System32\WS2_32.dll
0x00007ffa11110000 - 0x00007ffa1115e000 	C:\WINDOWS\SYSTEM32\POWRPROF.dll
0x00007ff9feef0000 - 0x00007ff9feefb000 	C:\WINDOWS\SYSTEM32\VERSION.dll
0x00007ffa050d0000 - 0x00007ffa05106000 	C:\WINDOWS\SYSTEM32\WINMM.dll
0x00007ffa110f0000 - 0x00007ffa11104000 	C:\WINDOWS\SYSTEM32\UMPDC.dll
0x00007ffa10050000 - 0x00007ffa1006a000 	C:\WINDOWS\SYSTEM32\kernel.appcore.dll
0x00007ff9fd240000 - 0x00007ff9fd24a000 	C:\Program Files\Java\jdk-22\bin\jimage.dll
0x00007ffa0ebf0000 - 0x00007ffa0ee31000 	C:\WINDOWS\SYSTEM32\DBGHELP.DLL
0x00007ffa13040000 - 0x00007ffa133be000 	C:\WINDOWS\System32\combase.dll
0x00007ffa12510000 - 0x00007ffa125e6000 	C:\WINDOWS\System32\OLEAUT32.dll
0x00007ff9ce2d0000 - 0x00007ff9ce309000 	C:\WINDOWS\SYSTEM32\dbgcore.DLL
0x00007ffa11ba0000 - 0x00007ffa11c39000 	C:\WINDOWS\System32\bcryptPrimitives.dll
0x00007ff9fd780000 - 0x00007ff9fd79e000 	C:\Program Files\Java\jdk-22\bin\java.dll
0x00007ffa12860000 - 0x00007ffa12f64000 	C:\WINDOWS\System32\SHELL32.dll
0x00007ffa13820000 - 0x00007ffa139b5000 	C:\WINDOWS\System32\ole32.dll
0x00007ffa0ef20000 - 0x00007ffa0f757000 	C:\WINDOWS\SYSTEM32\windows.storage.dll
0x00007ffa13ce0000 - 0x00007ffa13dc9000 	C:\WINDOWS\System32\SHCORE.dll
0x00007ffa12420000 - 0x00007ffa1247d000 	C:\WINDOWS\System32\shlwapi.dll
0x00007ffa11170000 - 0x00007ffa1119e000 	C:\WINDOWS\SYSTEM32\profapi.dll
0x00007ff9e0790000 - 0x00007ff9e0867000 	C:\Program Files\Java\jdk-22\bin\jsvml.dll
0x00007ff9fcdc0000 - 0x00007ff9fcdd0000 	C:\Program Files\Java\jdk-22\bin\net.dll
0x00007ffa10540000 - 0x00007ffa105aa000 	C:\WINDOWS\system32\mswsock.dll
0x00007ff9f7ed0000 - 0x00007ff9f7ee6000 	C:\Program Files\Java\jdk-22\bin\nio.dll
0x00007ff9f7eb0000 - 0x00007ff9f7ec7000 	C:\Program Files\Java\jdk-22\bin\zip.dll
0x00007ff9e0c80000 - 0x00007ff9e0c8a000 	C:\Program Files\Java\jdk-22\bin\management.dll
0x00007ff9e0c70000 - 0x00007ff9e0c7b000 	C:\Program Files\Java\jdk-22\bin\management_ext.dll
0x00007ffa127d0000 - 0x00007ffa127d8000 	C:\WINDOWS\System32\PSAPI.DLL
0x00007ff9e0c60000 - 0x00007ff9e0c6b000 	C:\Program Files\Java\jdk-22\bin\le.dll
0x00007ff9e0c50000 - 0x00007ff9e0c5e000 	C:\Program Files\Java\jdk-22\bin\sunmscapi.dll
0x00007ffa117f0000 - 0x00007ffa11966000 	C:\WINDOWS\System32\CRYPT32.dll
0x00007ffa10a40000 - 0x00007ffa10a70000 	C:\WINDOWS\SYSTEM32\ncrypt.dll
0x00007ffa109f0000 - 0x00007ffa10a2f000 	C:\WINDOWS\SYSTEM32\NTASN1.dll
0x00007ffa108f0000 - 0x00007ffa1090c000 	C:\WINDOWS\SYSTEM32\CRYPTSP.dll
0x00007ffa0ffb0000 - 0x00007ffa0ffe8000 	C:\WINDOWS\system32\rsaenh.dll
0x00007ffa105e0000 - 0x00007ffa1060b000 	C:\WINDOWS\SYSTEM32\USERENV.dll
0x00007ffa10a80000 - 0x00007ffa10aa6000 	C:\WINDOWS\SYSTEM32\bcrypt.dll
0x00007ffa10770000 - 0x00007ffa1077c000 	C:\WINDOWS\SYSTEM32\CRYPTBASE.dll
0x00007ffa0fa70000 - 0x00007ffa0faa2000 	C:\WINDOWS\SYSTEM32\IPHLPAPI.DLL
0x00007ffa12500000 - 0x00007ffa1250a000 	C:\WINDOWS\System32\NSI.dll
0x00007ff9f7a60000 - 0x00007ff9f7a70000 	C:\Program Files\Java\jdk-22\bin\verify.dll
0x00007ffa0fab0000 - 0x00007ffa0fbd5000 	C:\WINDOWS\SYSTEM32\DNSAPI.dll
0x00007ffa00200000 - 0x00007ffa0020b000 	C:\Windows\System32\rasadhlp.dll
0x00007ffa078c0000 - 0x00007ffa07945000 	C:\WINDOWS\System32\fwpuclnt.dll
0x00007ff9f79d0000 - 0x00007ff9f79d9000 	C:\Program Files\Java\jdk-22\bin\extnet.dll
0x00007ff9f3240000 - 0x00007ff9f3248000 	C:\WINDOWS\system32\wshunix.dll

dbghelp: loaded successfully - version: 4.0.5 - missing functions: none
symbol engine: initialized successfully - sym options: 0x614 - pdb path: .;C:\Program Files\Java\jdk-22\bin;C:\WINDOWS\SYSTEM32;C:\WINDOWS\WinSxS\amd64_microsoft.windows.common-controls_6595b64144ccf1df_6.0.26100.3037_none_3e09262ce333c378;C:\Program Files\Java\jdk-22\bin\server

VM Arguments:
jvm_args: -XX:+ShowCodeDetailsInExceptionMessages 
java_command: com.backend.bookwed.BookwedApplication
java_class_path (initial): D:\Wed-Book\Backend\bookwed\target\classes;C:\Users\Tutha\.m2\repository\org\springframework\boot\spring-boot-starter-data-jpa\3.3.2\spring-boot-starter-data-jpa-3.3.2.jar;C:\Users\Tutha\.m2\repository\org\springframework\boot\spring-boot-starter-aop\3.3.2\spring-boot-starter-aop-3.3.2.jar;C:\Users\Tutha\.m2\repository\org\aspectj\aspectjweaver\1.9.22.1\aspectjweaver-1.9.22.1.jar;C:\Users\Tutha\.m2\repository\org\springframework\boot\spring-boot-starter-jdbc\3.3.2\spring-boot-starter-jdbc-3.3.2.jar;C:\Users\Tutha\.m2\repository\com\zaxxer\HikariCP\5.1.0\HikariCP-5.1.0.jar;C:\Users\Tutha\.m2\repository\org\springframework\spring-jdbc\6.1.11\spring-jdbc-6.1.11.jar;C:\Users\Tutha\.m2\repository\org\hibernate\orm\hibernate-core\6.5.2.Final\hibernate-core-6.5.2.Final.jar;C:\Users\Tutha\.m2\repository\jakarta\persistence\jakarta.persistence-api\3.1.0\jakarta.persistence-api-3.1.0.jar;C:\Users\Tutha\.m2\repository\jakarta\transaction\jakarta.transaction-api\2.0.1\jakarta.transaction-api-2.0.1.jar;C:\Users\Tutha\.m2\repository\org\jboss\logging\jboss-logging\3.5.3.Final\jboss-logging-3.5.3.Final.jar;C:\Users\Tutha\.m2\repository\org\hibernate\common\hibernate-commons-annotations\6.0.6.Final\hibernate-commons-annotations-6.0.6.Final.jar;C:\Users\Tutha\.m2\repository\io\smallrye\jandex\3.1.2\jandex-3.1.2.jar;C:\Users\Tutha\.m2\repository\com\fasterxml\classmate\1.7.0\classmate-1.7.0.jar;C:\Users\Tutha\.m2\repository\net\bytebuddy\byte-buddy\1.14.18\byte-buddy-1.14.18.jar;C:\Users\Tutha\.m2\repository\org\glassfish\jaxb\jaxb-runtime\4.0.5\jaxb-runtime-4.0.5.jar;C:\Users\Tutha\.m2\repository\org\glassfish\jaxb\jaxb-core\4.0.5\jaxb-core-4.0.5.jar;C:\Users\Tutha\.m2\repository\org\eclipse\angus\angus-activation\2.0.2\angus-activation-2.0.2.jar;C:\Users\Tutha\.m2\repository\org\glassfish\jaxb\txw2\4.0.5\txw2-4.0.5.jar;C:\Users\Tutha\.m2\repository\com\sun\istack\istack-commons-runtime\4.1.2\istack-commons-runtime-4.1.2.jar;C:\Users\Tutha\.m2\repository\jakarta\inject\jakarta.inject-api\2.0.1\jakarta.inject-api-2.0.1.jar;C:\Users\Tutha\.m2\repository\org\antlr\antlr4-runtime\4.13.0\antlr4-runtime-4.13.0.jar;C:\Users\Tutha\.m2\repository\org\springframework\data\spring-data-jpa\3.3.2\spring-data-jpa-3.3.2.jar;C:\Users\Tutha\.m2\repository\org\springframework\data\spring-data-commons\3.3.2\spring-data-commons-3.3.2.jar;C:\Users\Tutha\.m2\repository\org\springframework\spring-orm\6.1.11\spring-orm-6.1.11.jar;C:\Users\Tutha\.m2\repository\org\springframework\spring-context\6.1.11\spring-context-6.1.11.jar;C:\Users\Tutha\.m2\repository\org\springframework\spring-tx\6.1.11\spring-tx-6.1.11.jar;C:\Users\Tutha\.m2\repository\org\springframework\spring-beans\6.1.11\spring-beans-6.1.11.jar;C:\Users\Tutha\.m2\repository\jakarta\annotation\jakarta.annotation-api\2.1.1\jakarta.annotation-api-2.1.1.jar;C:\Users\Tutha\.m2\repository\org\slf4j\slf4j-api\2.0.13\slf4j-api-2.0.13.jar;C:\Users\Tutha\.m2\repository\org\springframework\spring-aspects\6.1.11\spring-aspects-6.1.11.jar;C:\Users\Tutha\.m2\repository\org\springframework\boot\spring-boot-starter-security\3.3.2\spring-boot-starter-security-3.3.2.jar;C:\Users\Tutha\.m2\repository\org\springframework\boot\spring-boot-starter\3.3.2\spring-boot-starter-3.3.2.jar;C:\Users\Tutha\.m2\repository\org\springframework\boot\spring-boot-starter-logging\3.3.2\spring-boot-starter-logging-3.3.2.jar;C:\Users\Tutha\.m2\repository\ch\qos\logback\logback-classic\1.5.6\logback-classic-1.5.6.jar;C:\Users\Tutha\.m2\repository\ch\qos\logback\logback-core\1.5.6\logback-core-1.5.6.jar;C:\Users\Tutha\.m2\repository\org\apache\logging\log4j\log4j-to-slf4j\2.23.1\log4j-to-slf4j-2.23.1.jar;C:\Users\Tutha\.m2\repository\org\apache\logging\log4j\log4j-api\2.23.1\log4j-api-2.23.1.jar;C:\Users\Tutha\.m2\repository\org\slf4j\jul-to-slf4j\2.0.13\jul-to-slf4j-2.0.13.jar;C:\Users\Tutha\.m2\repository\org\yaml\snakeyaml\2.2\snakeyaml-2.2.jar;C:\Users\Tutha\.m2\repository\org\springframework\spring-aop\6.1.11\spring-aop-6.1.11.jar;C:\Users\Tutha\.m2\repository\org\springframework\security\spring-security-config\6.3.1\spring-security-config-6.3.1.jar;C:\Users\Tutha\.m2\repository\org\springframework\security\spring-security-web\6.3.1\spring-security-web-6.3.1.jar;C:\Users\Tutha\.m2\repository\org\springframework\spring-expression\6.1.11\spring-expression-6.1.11.jar;C:\Users\Tutha\.m2\repository\org\springframework\boot\spring-boot-starter-validation\3.3.2\spring-boot-starter-validation-3.3.2.jar;C:\Users\Tutha\.m2\repository\org\apache\tomcat\embed\tomcat-embed-el\10.1.26\tomcat-embed-el-10.1.26.jar;C:\Users\Tutha\.m2\repository\org\hibernate\validator\hibernate-validator\8.0.1.Final\hibernate-validator-8.0.1.Final.jar;C:\Users\Tutha\.m2\repository\jakarta\validation\jakarta.validation-api\3.0.2\jakarta.validation-api-3.0.2.jar;C:\Users\Tutha\.m2\repository\org\springframework\boot\spring-boot-starter-web\3.3.2\spring-boot-starter-web-3.3.2.jar;C:\Users\Tutha\.m2\repository\org\springframework\boot\spring-boot-starter-json\3.3.2\spring-boot-starter-json-3.3.2.jar;C:\Users\Tutha\.m2\repository\com\fasterxml\jackson\datatype\jackson-datatype-jdk8\2.17.2\jackson-datatype-jdk8-2.17.2.jar;C:\Users\Tutha\.m2\repository\com\fasterxml\jackson\datatype\jackson-datatype-jsr310\2.17.2\jackson-datatype-jsr310-2.17.2.jar;C:\Users\Tutha\.m2\repository\com\fasterxml\jackson\module\jackson-module-parameter-names\2.17.2\jackson-module-parameter-names-2.17.2.jar;C:\Users\Tutha\.m2\repository\org\springframework\boot\spring-boot-starter-tomcat\3.3.2\spring-boot-starter-tomcat-3.3.2.jar;C:\Users\Tutha\.m2\repository\org\apache\tomcat\embed\tomcat-embed-core\10.1.26\tomcat-embed-core-10.1.26.jar;C:\Users\Tutha\.m2\repository\org\apache\tomcat\embed\tomcat-embed-websocket\10.1.26\tomcat-embed-websocket-10.1.26.jar;C:\Users\Tutha\.m2\repository\org\springframework\spring-web\6.1.11\spring-web-6.1.11.jar;C:\Users\Tutha\.m2\repository\io\micrometer\micrometer-observation\1.13.2\micrometer-observation-1.13.2.jar;C:\Users\Tutha\.m2\repository\io\micrometer\micrometer-commons\1.13.2\micrometer-commons-1.13.2.jar;C:\Users\Tutha\.m2\repository\org\springframework\spring-webmvc\6.1.11\spring-webmvc-6.1.11.jar;C:\Users\Tutha\.m2\repository\org\springframework\boot\spring-boot-devtools\3.3.2\spring-boot-devtools-3.3.2.jar;C:\Users\Tutha\.m2\repository\org\springframework\boot\spring-boot\3.3.2\spring-boot-3.3.2.jar;C:\Users\Tutha\.m2\repository\org\springframework\boot\spring-boot-autoconfigure\3.3.2\spring-boot-autoconfigure-3.3.2.jar;C:\Users\Tutha\.m2\repository\com\mysql\mysql-connector-j\8.3.0\mysql-connector-j-8.3.0.jar;C:\Users\Tutha\.m2\repository\org\projectlombok\lombok\1.18.34\lombok-1.18.34.jar;C:\Users\Tutha\.m2\repository\jakarta\xml\bind\jakarta.xml.bind-api\4.0.2\jakarta.xml.bind-api-4.0.2.jar;C:\Users\Tutha\.m2\repository\jakarta\activation\jakarta.activation-api\2.1.3\jakarta.activation-api-2.1.3.jar;C:\Users\Tutha\.m2\repository\org\springframework\spring-core\6.1.11\spring-core-6.1.11.jar;C:\Users\Tutha\.m2\repository\org\springframework\spring-jcl\6.1.11\spring-jcl-6.1.11.jar;C:\Users\Tutha\.m2\repository\org\springframework\security\spring-security-core\6.3.1\spring-security-core-6.3.1.jar;C:\Users\Tutha\.m2\repository\org\springframework\security\spring-security-crypto\6.3.1\spring-security-crypto-6.3.1.jar;C:\Users\Tutha\.m2\repository\org\modelmapper\modelmapper\3.1.0\modelmapper-3.1.0.jar;C:\Users\Tutha\.m2\repository\com\auth0\java-jwt\4.2.1\java-jwt-4.2.1.jar;C:\Users\Tutha\.m2\repository\com\fasterxml\jackson\core\jackson-databind\2.17.2\jackson-databind-2.17.2.jar;C:\Users\Tutha\.m2\repository\com\fasterxml\jackson\core\jackson-annotations\2.17.2\jackson-annotations-2.17.2.jar;C:\Users\Tutha\.m2\repository\com\fasterxml\jackson\core\jackson-core\2.17.2\jackson-core-2.17.2.jar;C:\Users\Tutha\.m2\repository\org\springdoc\springdoc-openapi-starter-webmvc-ui\2.0.2\springdoc-openapi-starter-webmvc-ui-2.0.2.jar;C:\Users\Tutha\.m2\repository\org\springdoc\springdoc-openapi-starter-webmvc-api\2.0.2\springdoc-openapi-starter-webmvc-api-2.0.2.jar;C:\Users\Tutha\.m2\repository\org\springdoc\springdoc-openapi-starter-common\2.0.2\springdoc-openapi-starter-common-2.0.2.jar;C:\Users\Tutha\.m2\repository\io\swagger\core\v3\swagger-core-jakarta\2.2.7\swagger-core-jakarta-2.2.7.jar;C:\Users\Tutha\.m2\repository\org\apache\commons\commons-lang3\3.14.0\commons-lang3-3.14.0.jar;C:\Users\Tutha\.m2\repository\io\swagger\core\v3\swagger-annotations-jakarta\2.2.7\swagger-annotations-jakarta-2.2.7.jar;C:\Users\Tutha\.m2\repository\io\swagger\core\v3\swagger-models-jakarta\2.2.7\swagger-models-jakarta-2.2.7.jar;C:\Users\Tutha\.m2\repository\com\fasterxml\jackson\dataformat\jackson-dataformat-yaml\2.17.2\jackson-dataformat-yaml-2.17.2.jar;C:\Users\Tutha\.m2\repository\org\webjars\swagger-ui\4.15.5\swagger-ui-4.15.5.jar;C:\Users\Tutha\.m2\repository\org\webjars\webjars-locator-core\0.58\webjars-locator-core-0.58.jar;C:\Users\Tutha\.m2\repository\io\github\classgraph\classgraph\4.8.149\classgraph-4.8.149.jar
Launcher Type: SUN_STANDARD

[Global flags]
     intx CICompilerCount                          = 4                                         {product} {ergonomic}
     uint ConcGCThreads                            = 2                                         {product} {ergonomic}
     uint G1ConcRefinementThreads                  = 8                                         {product} {ergonomic}
   size_t G1HeapRegionSize                         = 2097152                                   {product} {ergonomic}
   size_t InitialHeapSize                          = 260046848                                 {product} {ergonomic}
   size_t MarkStackSize                            = 4194304                                   {product} {ergonomic}
   size_t MaxHeapSize                              = 4133486592                                {product} {ergonomic}
   size_t MaxNewSize                               = 2478833664                                {product} {ergonomic}
   size_t MinHeapDeltaBytes                        = 2097152                                   {product} {ergonomic}
   size_t MinHeapSize                              = 8388608                                   {product} {ergonomic}
    uintx NonNMethodCodeHeapSize                   = 5839372                                {pd product} {ergonomic}
    uintx NonProfiledCodeHeapSize                  = 122909434                              {pd product} {ergonomic}
    uintx ProfiledCodeHeapSize                     = 122909434                              {pd product} {ergonomic}
    uintx ReservedCodeCacheSize                    = 251658240                              {pd product} {ergonomic}
     bool SegmentedCodeCache                       = true                                      {product} {ergonomic}
     bool ShowCodeDetailsInExceptionMessages       = true                                   {manageable} {command line}
   size_t SoftMaxHeapSize                          = 4133486592                             {manageable} {ergonomic}
     bool UseCompressedOops                        = true                           {product lp64_product} {ergonomic}
     bool UseG1GC                                  = true                                      {product} {ergonomic}
     bool UseLargePagesIndividualAllocation        = false                                  {pd product} {ergonomic}

Logging:
Log output configuration:
 #0: stdout all=warning uptime,level,tags foldmultilines=false
 #1: stderr all=off uptime,level,tags foldmultilines=false

Environment Variables:
PATH=C:\Python313\Scripts\;C:\Python313\;C:\Program Files\Microsoft MPI\Bin\;C:\Program Files\Common Files\Oracle\Java\javapath;C:\Program Files (x86)\Common Files\Oracle\Java\java8path;C:\Program Files (x86)\Common Files\Oracle\Java\javapath;C:\WINDOWS\system32;C:\WINDOWS;C:\WINDOWS\System32\Wbem;C:\WINDOWS\System32\WindowsPowerShell\v1.0\;C:\WINDOWS\System32\OpenSSH\;C:\Program Files\Git\cmd;C:\Program Files\Microsoft SQL Server\150\Tools\Binn\;C:\Program Files\Microsoft SQL Server\Client SDK\ODBC\170\Tools\Binn\;C:\Program Files\dotnet\;C:\Program Files (x86)\Windows Kits\10\Windows Performance Toolkit\;C:\Program Files (x86)\Microsoft SQL Server\160\Tools\Binn\;C:\Program Files\Microsoft SQL Server\160\Tools\Binn\;C:\Program Files\Microsoft SQL Server\160\DTS\Binn\;C:\Program Files (x86)\Microsoft SQL Server\160\DTS\Binn\;D:\nodejs\;C:\ProgramData\chocolatey\bin;C:\Users\Tutha\AppData\Local\Microsoft\WindowsApps;C:\Users\Tutha\AppData\Local\Programs\Microsoft VS Code\bin;C:\Users\Tutha\.dotnet\tools;C:\Users\Tutha\AppData\Roaming\npm;C:\Users\Tutha\AppData\Local\GitHubDesktop\bin
USERNAME=Tutha
LANG=en_US.UTF-8
OS=Windows_NT
PROCESSOR_IDENTIFIER=Intel64 Family 6 Model 140 Stepping 1, GenuineIntel
TMP=C:\Users\Tutha\AppData\Local\Temp
TEMP=C:\Users\Tutha\AppData\Local\Temp




Periodic native trim disabled

---------------  S Y S T E M  ---------------

OS:
 Windows 11 , 64 bit Build 26100 (10.0.26100.3037)
OS uptime: 0 days 3:45 hours
Hyper-V role detected

CPU: total 8 (initial active 8) (4 cores per cpu, 2 threads per core) family 6 model 140 stepping 1 microcode 0xba, cx8, cmov, fxsr, ht, mmx, 3dnowpref, sse, sse2, sse3, ssse3, sse4.1, sse4.2, popcnt, lzcnt, tsc, tscinvbit, avx, avx2, aes, erms, clmul, bmi1, bmi2, adx, avx512f, avx512dq, avx512cd, avx512bw, avx512vl, sha, fma, vzeroupper, avx512_vpopcntdq, avx512_vpclmulqdq, avx512_vaes, avx512_vnni, clflush, clflushopt, clwb, avx512_vbmi2, avx512_vbmi, hv, rdtscp, rdpid, fsrm, gfni, avx512_bitalg, f16c, cet_ibt, cet_ss, avx512_ifma
Processor Information for all 8 processors :
  Max Mhz: 1498, Current Mhz: 1498, Mhz Limit: 1498

Memory: 4k page, system-wide physical 15761M (2550M free)
TotalPageFile size 38510M (AvailPageFile size 0M)
current process WorkingSet (physical memory assigned to process): 223M, peak: 422M
current process commit charge ("private bytes"): 504M, peak: 510M

vm_info: Java HotSpot(TM) 64-Bit Server VM (22.0.2+9-70) for windows-amd64 JRE (22.0.2+9-70), built on 2024-06-04T16:52:23Z by "mach5one" with MS VC++ 17.6 (VS2022)

END.
